[     164ms] [WARNING] cdn.tailwindcss.com should not be used in production. To use Tailwind CSS in production, install it as a PostCSS plugin or use the Tailwind CLI: https://tailwindcss.com/docs/installation @ https://cdn.tailwindcss.com/:63
[     541ms] [INFO] %cDownload the React DevTools for a better development experience: https://reactjs.org/link/react-devtools font-weight:bold @ https://unpkg.com/react-dom@18/umd/react-dom.development.js:29904
[     674ms] [WARNING] You are using the in-browser Babel transformer. Be sure to precompile your scripts for production - https://babeljs.io/docs/setup/ @ https://unpkg.com/@babel/standalone/babel.min.js:2
[     967ms] [ERROR] Failed to load resource: the server responded with a status of 404 (File not found) @ http://localhost:9999/favicon.ico:0
[     972ms] [LOG] [TEST] group=1 weighted=2 per=50 → OK {a: 50, b: -50} @ :38
[     973ms] [LOG] [TEST] group=2 weighted=3 per=33.33 → OK {a: 66.67, b: -66.66} @ :38
[     973ms] [LOG] [TEST] group=3 weighted=4 per=25 → OK {a: 75, b: -75} @ :38
[     973ms] [LOG] [TEST] group=4 weighted=5 per=20 → OK {a: 80, b: -80} @ :38
[     973ms] [LOG] [TEST] group=5 weighted=6 per=16.67 → OK {a: 83.33, b: -83.35} @ :38
[     973ms] [LOG] [TEST] group=6 weighted=7 per=14.29 → OK {a: 85.71000000000001, b: -85.74} @ :38
[     973ms] [LOG] [TEST] group=7 weighted=8 per=12.5 → OK {a: 87.5, b: -87.5} @ :38
[     973ms] [LOG] [TEST] group=8 weighted=9 per=11.11 → OK {a: 88.89, b: -88.88} @ :38
[     973ms] [LOG] [TEST] group=9 weighted=10 per=10 → OK {a: 90, b: -90} @ :38
[     973ms] [LOG] [TEST] group=10 weighted=11 per=9.09 → OK {a: 90.91, b: -90.9} @ :38
[     973ms] [LOG] [TEST] settlement weighted 1..10: ALL OK @ :44
[   76333ms] InvalidCharacterError: Failed to execute 'btoa' on 'Window': The string to be encoded contains characters outside of the Latin1 range.
    at generateShareData (<anonymous>:776:38)
    at handleShare (<anonymous>:856:15)
    at HTMLUnknownElement.callCallback (https://unpkg.com/react-dom@18/umd/react-dom.development.js:4151:16)
    at Object.invokeGuardedCallbackDev (https://unpkg.com/react-dom@18/umd/react-dom.development.js:4200:18)
    at invokeGuardedCallback (https://unpkg.com/react-dom@18/umd/react-dom.development.js:4264:33)
    at invokeGuardedCallbackAndCatchFirstError (https://unpkg.com/react-dom@18/umd/react-dom.development.js:4278:27)
    at executeDispatch (https://unpkg.com/react-dom@18/umd/react-dom.development.js:9051:5)
    at processDispatchQueueItemsInOrder (https://unpkg.com/react-dom@18/umd/react-dom.development.js:9083:9)
    at processDispatchQueue (https://unpkg.com/react-dom@18/umd/react-dom.development.js:9096:7)
    at dispatchEventsForPlugins (https://unpkg.com/react-dom@18/umd/react-dom.development.js:9107:5)
    at https://unpkg.com/react-dom@18/umd/react-dom.development.js:9298:14
    at batchedUpdates$1 (https://unpkg.com/react-dom@18/umd/react-dom.development.js:26189:14)
    at batchedUpdates (https://unpkg.com/react-dom@18/umd/react-dom.development.js:3978:14)
    at dispatchEventForPluginEventSystem (https://unpkg.com/react-dom@18/umd/react-dom.development.js:9297:5)
    at dispatchEventWithEnableCapturePhaseSelectiveHydrationWithoutDiscreteEventReplay (https://unpkg.com/react-dom@18/umd/react-dom.development.js:6475:7)
    at dispatchEvent (https://unpkg.com/react-dom@18/umd/react-dom.development.js:6467:7)
    at dispatchDiscreteEvent (https://unpkg.com/react-dom@18/umd/react-dom.development.js:6440:7)
[   76333ms] InvalidCharacterError: Failed to execute 'btoa' on 'Window': The string to be encoded contains characters outside of the Latin1 range.
    at generateShareData (<anonymous>:776:38)
    at handleShare (<anonymous>:856:15)
    at HTMLUnknownElement.callCallback (https://unpkg.com/react-dom@18/umd/react-dom.development.js:4151:16)
    at Object.invokeGuardedCallbackDev (https://unpkg.com/react-dom@18/umd/react-dom.development.js:4200:18)
    at invokeGuardedCallback (https://unpkg.com/react-dom@18/umd/react-dom.development.js:4264:33)
    at invokeGuardedCallbackAndCatchFirstError (https://unpkg.com/react-dom@18/umd/react-dom.development.js:4278:27)
    at executeDispatch (https://unpkg.com/react-dom@18/umd/react-dom.development.js:9051:5)
    at processDispatchQueueItemsInOrder (https://unpkg.com/react-dom@18/umd/react-dom.development.js:9083:9)
    at processDispatchQueue (https://unpkg.com/react-dom@18/umd/react-dom.development.js:9096:7)
    at dispatchEventsForPlugins (https://unpkg.com/react-dom@18/umd/react-dom.development.js:9107:5)
    at https://unpkg.com/react-dom@18/umd/react-dom.development.js:9298:14
    at batchedUpdates$1 (https://unpkg.com/react-dom@18/umd/react-dom.development.js:26189:14)
    at batchedUpdates (https://unpkg.com/react-dom@18/umd/react-dom.development.js:3978:14)
    at dispatchEventForPluginEventSystem (https://unpkg.com/react-dom@18/umd/react-dom.development.js:9297:5)
    at dispatchEventWithEnableCapturePhaseSelectiveHydrationWithoutDiscreteEventReplay (https://unpkg.com/react-dom@18/umd/react-dom.development.js:6475:7)
    at dispatchEvent (https://unpkg.com/react-dom@18/umd/react-dom.development.js:6467:7)
    at dispatchDiscreteEvent (https://unpkg.com/react-dom@18/umd/react-dom.development.js:6440:7)
